<testsuites>
	<testsuite id="1" tests="1" failures="1" package="C:\Users\testinium\Desktop\epias-automation\epias-automation\specs\specs\epias.spec" time="8.918" timestamp="2022-02-15T13:13:06" name="Table driven execution" errors="0" hostname="DESKTOP-D471R33">
		<properties></properties>
		<testcase classname="Table driven execution" name="EPIAS Sample Set" time="8.918">
			<failure message="Click to element &#34;sideBarLink_MenuItem_ELEKTRIK_URETIM&#34;&#xA;Concept Execution Failure: &#39;org.openqa.selenium.ElementClickInterceptedException: element click intercepted: Element &lt;a href=&#34;#&#34; class=&#34;menulink&#34; style=&#34;color: red; border: 2px solid red;&#34;&gt;...&lt;/a&gt; is not clickable at point (135, 311). Other element would receive the click: &lt;div id=&#34;DashboardForm:j_idt256_modal&#34; class=&#34;ui-widget-overlay ui-dialog-mask&#34; style=&#34;z-index: 1001;&#34;&gt;&lt;/div&gt;&#xA;  (Session info: chrome=98.0.4758.82)&#xA;Build info: version: &#39;3.141.59&#39;, revision: &#39;e82be7d358&#39;, time: &#39;2018-11-14T08:17:03&#39;&#xA;System info: host: &#39;DESKTOP-D471R33&#39;, ip: &#39;192.168.0.34&#39;, os.name: &#39;Windows 10&#39;, os.arch: &#39;amd64&#39;, os.version: &#39;10.0&#39;, java.version: &#39;1.8.0_322&#39;&#xA;Driver info: org.openqa.selenium.chrome.ChromeDriver&#xA;Capabilities {acceptInsecureCerts: false, browserName: chrome, browserVersion: 98.0.4758.82, chrome: {chromedriverVersion: 98.0.4758.80 (7f0488e8ba0d8..., userDataDir: C:\Users\TESTIN~1\AppData\L...}, goog:chromeOptions: {debuggerAddress: localhost:61284}, javascriptEnabled: true, networkConnectionEnabled: false, pageLoadStrategy: normal, platform: WINDOWS, platformName: WINDOWS, proxy: Proxy(), setWindowRect: true, strictFileInteractability: false, timeouts: {implicit: 0, pageLoad: 300000, script: 30000}, unhandledPromptBehavior: dismiss and notify, webauthn:extension:credBlob: true, webauthn:extension:largeBlob: true, webauthn:virtualAuthenticators: true}&#xA;Session ID: 384013675aeb4dd57c132623b721d7d1&#39;" type="Click to element &#34;sideBarLink_MenuItem_ELEKTRIK_URETIM&#34;&#xA;Concept Execution Failure: &#39;org.openqa.selenium.ElementClickInterceptedException: element click intercepted: Element &lt;a href=&#34;#&#34; class=&#34;menulink&#34; style=&#34;color: red; border: 2px solid red;&#34;&gt;...&lt;/a&gt; is not clickable at point (135, 311). Other element would receive the click: &lt;div id=&#34;DashboardForm:j_idt256_modal&#34; class=&#34;ui-widget-overlay ui-dialog-mask&#34; style=&#34;z-index: 1001;&#34;&gt;&lt;/div&gt;&#xA;  (Session info: chrome=98.0.4758.82)&#xA;Build info: version: &#39;3.141.59&#39;, revision: &#39;e82be7d358&#39;, time: &#39;2018-11-14T08:17:03&#39;&#xA;System info: host: &#39;DESKTOP-D471R33&#39;, ip: &#39;192.168.0.34&#39;, os.name: &#39;Windows 10&#39;, os.arch: &#39;amd64&#39;, os.version: &#39;10.0&#39;, java.version: &#39;1.8.0_322&#39;&#xA;Driver info: org.openqa.selenium.chrome.ChromeDriver&#xA;Capabilities {acceptInsecureCerts: false, browserName: chrome, browserVersion: 98.0.4758.82, chrome: {chromedriverVersion: 98.0.4758.80 (7f0488e8ba0d8..., userDataDir: C:\Users\TESTIN~1\AppData\L...}, goog:chromeOptions: {debuggerAddress: localhost:61284}, javascriptEnabled: true, networkConnectionEnabled: false, pageLoadStrategy: normal, platform: WINDOWS, platformName: WINDOWS, proxy: Proxy(), setWindowRect: true, strictFileInteractability: false, timeouts: {implicit: 0, pageLoad: 300000, script: 30000}, unhandledPromptBehavior: dismiss and notify, webauthn:extension:credBlob: true, webauthn:extension:largeBlob: true, webauthn:virtualAuthenticators: true}&#xA;Session ID: 384013675aeb4dd57c132623b721d7d1&#39;">sun.reflect.NativeConstructorAccessorImpl.newInstance0(Native Method)&#xA;sun.reflect.NativeConstructorAccessorImpl.newInstance(NativeConstructorAccessorImpl.java:62)&#xA;sun.reflect.DelegatingConstructorAccessorImpl.newInstance(DelegatingConstructorAccessorImpl.java:45)&#xA;java.lang.reflect.Constructor.newInstance(Constructor.java:423)&#xA;org.openqa.selenium.remote.http.W3CHttpResponseCodec.createException(W3CHttpResponseCodec.java:187)&#xA;org.openqa.selenium.remote.http.W3CHttpResponseCodec.decode(W3CHttpResponseCodec.java:122)&#xA;org.openqa.selenium.remote.http.W3CHttpResponseCodec.decode(W3CHttpResponseCodec.java:49)&#xA;org.openqa.selenium.remote.HttpCommandExecutor.execute(HttpCommandExecutor.java:158)&#xA;org.openqa.selenium.remote.service.DriverCommandExecutor.execute(DriverCommandExecutor.java:83)&#xA;org.openqa.selenium.remote.RemoteWebDriver.execute(RemoteWebDriver.java:552)&#xA;org.openqa.selenium.remote.RemoteWebElement.execute(RemoteWebElement.java:285)&#xA;org.openqa.selenium.remote.RemoteWebElement.click(RemoteWebElement.java:84)&#xA;org.example.StepImplementation.clickElement(StepImplementation.java:78)&#xA;org.example.StepImplementation.clickElement(StepImplementation.java:590)&#xA;</failure>
		</testcase>
		<system-out></system-out>
		<system-err></system-err>
	</testsuite>
</testsuites>